<?xml version="1.0" encoding="UTF-8"?>
<!-- Generated by org.testng.reporters.JUnitReportReporter -->
<testsuite name="training.PageTest.BaseTest" tests="1" time="8.990" ignored="0" failures="0" timestamp="11 Feb 2021 19:07:48 GMT" skipped="0" hostname="UNICOI-QA6" errors="0">
  <testcase name="browserLaunch" time="8.990" classname="training.PageTest.BaseTest"/>
</testsuite> <!-- training.PageTest.BaseTest -->
