<?xml version="1.0" encoding="UTF-8"?>
<!-- Generated by org.testng.reporters.JUnitReportReporter -->
<testsuite name="training.PageTest.ForgotPwdTest" tests="2" time="9.814" ignored="0" failures="0" timestamp="11 Feb 2021 19:07:48 GMT" skipped="0" hostname="UNICOI-QA6" errors="0">
  <testcase name="verifyForgotPwdLink" time="1.106" classname="training.PageTest.ForgotPwdTest"/>
  <testcase name="browserLaunch" time="8.708" classname="training.PageTest.ForgotPwdTest"/>
</testsuite> <!-- training.PageTest.ForgotPwdTest -->
